<?xml version="1.0" encoding="UTF-8"?>
<!-- Generated by org.testng.reporters.JUnitXMLReporter -->
<testsuite hostname="DESKTOP-KU71DP4" name="Run on Internet Explorer" tests="5" failures="1" timestamp="13 Oct 2016 11:00:03 GMT" time="59.458" errors="0">
  <testcase name="Login_001_LeaveUserIDBlank" time="9.066" classname="Login.Login_01"/>
  <testcase name="Login_002_LeavePasswordBlank" time="10.733" classname="Login.Login_01">
    <failure type="java.lang.AssertionError" message="expected [true] but found [false]">
      <![CDATA[java.lang.AssertionError: expected [true] but found [false]
	at common.AbstractTest.verifyTrue(AbstractTest.java:38)
	at common.AbstractTest.verifyTrue(AbstractTest.java:60)
	at Login.Login_01.Login_002_LeavePasswordBlank(Login_01.java:47)
	at java.util.concurrent.FutureTask.run(FutureTask.java:266)
	at java.util.concurrent.ThreadPoolExecutor.runWorker(ThreadPoolExecutor.java:1142)
	at java.util.concurrent.ThreadPoolExecutor$Worker.run(ThreadPoolExecutor.java:617)
	at java.lang.Thread.run(Thread.java:745)
... Removed 20 stack frames]]>
    </failure>
  </testcase> <!-- Login_002_LeavePasswordBlank -->
  <testcase name="Login_003_InputIncorrectUsernameAndPassword" time="6.493" classname="Login.Login_01"/>
  <testcase name="Login_004_InputCorrectUsernameAndIncorrectPassword" time="6.455" classname="Login.Login_01"/>
  <testcase name="Login_005_InputCorrectUsernameAndPassword" time="16.885" classname="Login.Login_01"/>
</testsuite> <!-- Run on Internet Explorer -->
