<?xml version="1.0" encoding="UTF-8"?>
<!-- Generated by org.testng.reporters.JUnitXMLReporter -->
<testsuite hostname="DESKTOP-KU71DP4" name="Run on Chrome" tests="5" failures="0" timestamp="13 Oct 2016 10:53:37 GMT" time="46.331" errors="0">
  <testcase name="Login_001_LeaveUserIDBlank" time="4.561" classname="Login.Login_01"/>
  <testcase name="Login_002_LeavePasswordBlank" time="4.215" classname="Login.Login_01"/>
  <testcase name="Login_003_InputIncorrectUsernameAndPassword" time="2.342" classname="Login.Login_01"/>
  <testcase name="Login_004_InputCorrectUsernameAndIncorrectPassword" time="2.413" classname="Login.Login_01"/>
  <testcase name="Login_005_InputCorrectUsernameAndPassword" time="10.467" classname="Login.Login_01"/>
</testsuite> <!-- Run on Chrome -->
